2024-09-07 08:11:06,780 WARNING:Privileged message content intent is missing, commands may not work as expected.
2024-09-07 08:11:06,780 INFO:logging in using static token
2024-09-07 08:11:07,428 INFO:Shard ID None has connected to Gateway (Session ID: f8702678ee619f05d890192e97d7692b).
2024-09-07 08:11:17,374 WARNING:We are being rate limited. PATCH https://discord.com/api/v10/guilds/697971426799517774/scheduled-events/1281994713859358931 responded with 429. Retrying in 2.13 seconds.
2024-09-07 08:22:57,040 WARNING:Privileged message content intent is missing, commands may not work as expected.
2024-09-07 08:22:57,040 INFO:logging in using static token
2024-09-07 08:22:57,743 INFO:Shard ID None has connected to Gateway (Session ID: 166b6f7ead356c30b7d65be08e5ee227).
2024-09-07 08:23:07,585 WARNING:We are being rate limited. PATCH https://discord.com/api/v10/guilds/697971426799517774/scheduled-events/1281994713859358931 responded with 429. Retrying in 1.72 seconds.
2024-09-07 10:32:20,080 ERROR:Attempting a reconnect in 1.74s
Traceback (most recent call last):
  File "C:\ProgramData\Anaconda3\lib\site-packages\aiohttp\connector.py", line 1173, in _create_direct_connection
    hosts = await asyncio.shield(host_resolved)
  File "C:\ProgramData\Anaconda3\lib\site-packages\aiohttp\connector.py", line 884, in _resolve_host
    addrs = await self._resolver.resolve(host, port, family=self._family)
  File "C:\ProgramData\Anaconda3\lib\site-packages\aiohttp\resolver.py", line 33, in resolve
    infos = await self._loop.getaddrinfo(
  File "C:\ProgramData\Anaconda3\lib\asyncio\base_events.py", line 861, in getaddrinfo
    return await self.run_in_executor(
  File "C:\ProgramData\Anaconda3\lib\concurrent\futures\thread.py", line 58, in run
    result = self.fn(*self.args, **self.kwargs)
  File "C:\ProgramData\Anaconda3\lib\socket.py", line 954, in getaddrinfo
    for res in _socket.getaddrinfo(host, port, family, type, proto, flags):
socket.gaierror: [Errno 11001] getaddrinfo failed

The above exception was the direct cause of the following exception:

Traceback (most recent call last):
  File "C:\ProgramData\Anaconda3\lib\site-packages\discord\client.py", line 664, in connect
    self.ws = await asyncio.wait_for(coro, timeout=60.0)
  File "C:\ProgramData\Anaconda3\lib\asyncio\tasks.py", line 479, in wait_for
    return fut.result()
  File "C:\ProgramData\Anaconda3\lib\site-packages\discord\gateway.py", line 374, in from_client
    socket = await client.http.ws_connect(str(url))
  File "C:\ProgramData\Anaconda3\lib\site-packages\discord\http.py", line 550, in ws_connect
    return await self.__session.ws_connect(url, **kwargs)
  File "C:\ProgramData\Anaconda3\lib\site-packages\aiohttp\client.py", line 832, in _ws_connect
    resp = await self.request(
  File "C:\ProgramData\Anaconda3\lib\site-packages\aiohttp\client.py", line 578, in _request
    conn = await self._connector.connect(
  File "C:\ProgramData\Anaconda3\lib\site-packages\aiohttp\connector.py", line 544, in connect
    proto = await self._create_connection(req, traces, timeout)
  File "C:\ProgramData\Anaconda3\lib\site-packages\aiohttp\connector.py", line 911, in _create_connection
    _, proto = await self._create_direct_connection(req, traces, timeout)
  File "C:\ProgramData\Anaconda3\lib\site-packages\aiohttp\connector.py", line 1187, in _create_direct_connection
    raise ClientConnectorError(req.connection_key, exc) from exc
aiohttp.client_exceptions.ClientConnectorError: Cannot connect to host gateway-us-east1-b.discord.gg:443 ssl:default [getaddrinfo failed]
2024-09-07 10:32:22,040 INFO:Shard ID None session has been invalidated.
2024-09-07 10:32:27,423 INFO:Shard ID None has connected to Gateway (Session ID: 468183fd2ed1c21eafc6193fd519f7fc).
2024-09-07 12:38:24,809 INFO:Shard ID None has successfully RESUMED session 468183fd2ed1c21eafc6193fd519f7fc.
2024-09-07 16:32:05,095 INFO:Shard ID None has successfully RESUMED session 468183fd2ed1c21eafc6193fd519f7fc.
2024-09-07 16:49:30,247 WARNING:Shard ID None has stopped responding to the gateway. Closing and restarting.
2024-09-07 16:49:38,009 INFO:Shard ID None session has been invalidated.
2024-09-07 16:49:43,429 INFO:Shard ID None has connected to Gateway (Session ID: 22cd8f7e7fe4685019746fba99928d74).
2024-09-07 17:55:49,026 WARNING:Privileged message content intent is missing, commands may not work as expected.
2024-09-07 17:55:49,026 INFO:logging in using static token
2024-09-07 17:55:50,030 INFO:Shard ID None has connected to Gateway (Session ID: ee444a563fe3838f9bc3d46c5448a5b7).
2024-09-07 19:59:53,633 INFO:Shard ID None has successfully RESUMED session ee444a563fe3838f9bc3d46c5448a5b7.
2024-09-07 22:00:48,570 INFO:Shard ID None has successfully RESUMED session ee444a563fe3838f9bc3d46c5448a5b7.
2024-09-07 23:31:17,194 WARNING:Shard ID None heartbeat blocked for more than 10 seconds.
Loop thread traceback (most recent call last):
  File "C:\Users\Ben Cheng\Documents\GitHub\MAGLab_Events_Bot\scripts\report_maglab_open_status_on_discord_events.py", line 204, in <module>
    bot.run(TOKEN)
  File "C:\ProgramData\Anaconda3\lib\site-packages\discord\client.py", line 869, in run
    asyncio.run(runner())
  File "C:\ProgramData\Anaconda3\lib\asyncio\runners.py", line 44, in run
    return loop.run_until_complete(main)
  File "C:\ProgramData\Anaconda3\lib\asyncio\base_events.py", line 634, in run_until_complete
    self.run_forever()
  File "C:\ProgramData\Anaconda3\lib\asyncio\windows_events.py", line 321, in run_forever
    super().run_forever()
  File "C:\ProgramData\Anaconda3\lib\asyncio\base_events.py", line 601, in run_forever
    self._run_once()
  File "C:\ProgramData\Anaconda3\lib\asyncio\base_events.py", line 1905, in _run_once
    handle._run()
  File "C:\ProgramData\Anaconda3\lib\asyncio\events.py", line 80, in _run
    self._context.run(self._callback, *self._args)
  File "C:\ProgramData\Anaconda3\lib\site-packages\discord\ext\tasks\__init__.py", line 241, in _loop
    await self.coro(*args, **kwargs)
  File "C:\Users\Ben Cheng\Documents\GitHub\MAGLab_Events_Bot\scripts\report_maglab_open_status_on_discord_events.py", line 144, in post_lab_status
    generate_scaled_cropped_synoptic_view_image(output_png_file=scaled_png_file)
  File "C:\Users\Ben Cheng\Documents\GitHub\MAGLab_Events_Bot\scripts\scrape_synoptic_view_and_crop_scale_for_discord_events.py", line 93, in generate_scaled_cropped_synoptic_view_image
    svg_content = scrape_svg(url, svg_id)
  File "C:\Users\Ben Cheng\Documents\GitHub\MAGLab_Events_Bot\scripts\scrape_synoptic_view_and_crop_scale_for_discord_events.py", line 22, in scrape_svg
    response = requests.get(url)
  File "C:\ProgramData\Anaconda3\lib\site-packages\requests\api.py", line 75, in get
    return request('get', url, params=params, **kwargs)
  File "C:\ProgramData\Anaconda3\lib\site-packages\requests\api.py", line 61, in request
    return session.request(method=method, url=url, **kwargs)
  File "C:\ProgramData\Anaconda3\lib\site-packages\requests\sessions.py", line 542, in request
    resp = self.send(prep, **send_kwargs)
  File "C:\ProgramData\Anaconda3\lib\site-packages\requests\sessions.py", line 655, in send
    r = adapter.send(request, **kwargs)
  File "C:\ProgramData\Anaconda3\lib\site-packages\requests\adapters.py", line 439, in send
    resp = conn.urlopen(
  File "C:\ProgramData\Anaconda3\lib\site-packages\urllib3\connectionpool.py", line 699, in urlopen
    httplib_response = self._make_request(
  File "C:\ProgramData\Anaconda3\lib\site-packages\urllib3\connectionpool.py", line 440, in _make_request
    httplib_response = conn.getresponse()
  File "C:\ProgramData\Anaconda3\lib\http\client.py", line 1377, in getresponse
    response.begin()
  File "C:\ProgramData\Anaconda3\lib\http\client.py", line 320, in begin
    version, status, reason = self._read_status()
  File "C:\ProgramData\Anaconda3\lib\http\client.py", line 281, in _read_status
    line = str(self.fp.readline(_MAXLINE + 1), "iso-8859-1")
  File "C:\ProgramData\Anaconda3\lib\socket.py", line 704, in readinto
    return self._sock.recv_into(b)
  File "C:\ProgramData\Anaconda3\lib\ssl.py", line 1275, in recv_into
    return self.read(nbytes, buffer)
  File "C:\ProgramData\Anaconda3\lib\ssl.py", line 1133, in read
    return self._sslobj.read(len, buffer)

2024-09-07 23:31:27,206 WARNING:Shard ID None heartbeat blocked for more than 20 seconds.
Loop thread traceback (most recent call last):
  File "C:\Users\Ben Cheng\Documents\GitHub\MAGLab_Events_Bot\scripts\report_maglab_open_status_on_discord_events.py", line 204, in <module>
    bot.run(TOKEN)
  File "C:\ProgramData\Anaconda3\lib\site-packages\discord\client.py", line 869, in run
    asyncio.run(runner())
  File "C:\ProgramData\Anaconda3\lib\asyncio\runners.py", line 44, in run
    return loop.run_until_complete(main)
  File "C:\ProgramData\Anaconda3\lib\asyncio\base_events.py", line 634, in run_until_complete
    self.run_forever()
  File "C:\ProgramData\Anaconda3\lib\asyncio\windows_events.py", line 321, in run_forever
    super().run_forever()
  File "C:\ProgramData\Anaconda3\lib\asyncio\base_events.py", line 601, in run_forever
    self._run_once()
  File "C:\ProgramData\Anaconda3\lib\asyncio\base_events.py", line 1905, in _run_once
    handle._run()
  File "C:\ProgramData\Anaconda3\lib\asyncio\events.py", line 80, in _run
    self._context.run(self._callback, *self._args)
  File "C:\ProgramData\Anaconda3\lib\site-packages\discord\ext\tasks\__init__.py", line 241, in _loop
    await self.coro(*args, **kwargs)
  File "C:\Users\Ben Cheng\Documents\GitHub\MAGLab_Events_Bot\scripts\report_maglab_open_status_on_discord_events.py", line 144, in post_lab_status
    generate_scaled_cropped_synoptic_view_image(output_png_file=scaled_png_file)
  File "C:\Users\Ben Cheng\Documents\GitHub\MAGLab_Events_Bot\scripts\scrape_synoptic_view_and_crop_scale_for_discord_events.py", line 93, in generate_scaled_cropped_synoptic_view_image
    svg_content = scrape_svg(url, svg_id)
  File "C:\Users\Ben Cheng\Documents\GitHub\MAGLab_Events_Bot\scripts\scrape_synoptic_view_and_crop_scale_for_discord_events.py", line 22, in scrape_svg
    response = requests.get(url)
  File "C:\ProgramData\Anaconda3\lib\site-packages\requests\api.py", line 75, in get
    return request('get', url, params=params, **kwargs)
  File "C:\ProgramData\Anaconda3\lib\site-packages\requests\api.py", line 61, in request
    return session.request(method=method, url=url, **kwargs)
  File "C:\ProgramData\Anaconda3\lib\site-packages\requests\sessions.py", line 542, in request
    resp = self.send(prep, **send_kwargs)
  File "C:\ProgramData\Anaconda3\lib\site-packages\requests\sessions.py", line 655, in send
    r = adapter.send(request, **kwargs)
  File "C:\ProgramData\Anaconda3\lib\site-packages\requests\adapters.py", line 439, in send
    resp = conn.urlopen(
  File "C:\ProgramData\Anaconda3\lib\site-packages\urllib3\connectionpool.py", line 699, in urlopen
    httplib_response = self._make_request(
  File "C:\ProgramData\Anaconda3\lib\site-packages\urllib3\connectionpool.py", line 440, in _make_request
    httplib_response = conn.getresponse()
  File "C:\ProgramData\Anaconda3\lib\http\client.py", line 1377, in getresponse
    response.begin()
  File "C:\ProgramData\Anaconda3\lib\http\client.py", line 320, in begin
    version, status, reason = self._read_status()
  File "C:\ProgramData\Anaconda3\lib\http\client.py", line 281, in _read_status
    line = str(self.fp.readline(_MAXLINE + 1), "iso-8859-1")
  File "C:\ProgramData\Anaconda3\lib\socket.py", line 704, in readinto
    return self._sock.recv_into(b)
  File "C:\ProgramData\Anaconda3\lib\ssl.py", line 1275, in recv_into
    return self.read(nbytes, buffer)
  File "C:\ProgramData\Anaconda3\lib\ssl.py", line 1133, in read
    return self._sslobj.read(len, buffer)

2024-09-07 23:31:37,217 WARNING:Shard ID None heartbeat blocked for more than 30 seconds.
Loop thread traceback (most recent call last):
  File "C:\Users\Ben Cheng\Documents\GitHub\MAGLab_Events_Bot\scripts\report_maglab_open_status_on_discord_events.py", line 204, in <module>
    bot.run(TOKEN)
  File "C:\ProgramData\Anaconda3\lib\site-packages\discord\client.py", line 869, in run
    asyncio.run(runner())
  File "C:\ProgramData\Anaconda3\lib\asyncio\runners.py", line 44, in run
    return loop.run_until_complete(main)
  File "C:\ProgramData\Anaconda3\lib\asyncio\base_events.py", line 634, in run_until_complete
    self.run_forever()
  File "C:\ProgramData\Anaconda3\lib\asyncio\windows_events.py", line 321, in run_forever
    super().run_forever()
  File "C:\ProgramData\Anaconda3\lib\asyncio\base_events.py", line 601, in run_forever
    self._run_once()
  File "C:\ProgramData\Anaconda3\lib\asyncio\base_events.py", line 1905, in _run_once
    handle._run()
  File "C:\ProgramData\Anaconda3\lib\asyncio\events.py", line 80, in _run
    self._context.run(self._callback, *self._args)
  File "C:\ProgramData\Anaconda3\lib\site-packages\discord\ext\tasks\__init__.py", line 241, in _loop
    await self.coro(*args, **kwargs)
  File "C:\Users\Ben Cheng\Documents\GitHub\MAGLab_Events_Bot\scripts\report_maglab_open_status_on_discord_events.py", line 144, in post_lab_status
    generate_scaled_cropped_synoptic_view_image(output_png_file=scaled_png_file)
  File "C:\Users\Ben Cheng\Documents\GitHub\MAGLab_Events_Bot\scripts\scrape_synoptic_view_and_crop_scale_for_discord_events.py", line 93, in generate_scaled_cropped_synoptic_view_image
    svg_content = scrape_svg(url, svg_id)
  File "C:\Users\Ben Cheng\Documents\GitHub\MAGLab_Events_Bot\scripts\scrape_synoptic_view_and_crop_scale_for_discord_events.py", line 22, in scrape_svg
    response = requests.get(url)
  File "C:\ProgramData\Anaconda3\lib\site-packages\requests\api.py", line 75, in get
    return request('get', url, params=params, **kwargs)
  File "C:\ProgramData\Anaconda3\lib\site-packages\requests\api.py", line 61, in request
    return session.request(method=method, url=url, **kwargs)
  File "C:\ProgramData\Anaconda3\lib\site-packages\requests\sessions.py", line 542, in request
    resp = self.send(prep, **send_kwargs)
  File "C:\ProgramData\Anaconda3\lib\site-packages\requests\sessions.py", line 655, in send
    r = adapter.send(request, **kwargs)
  File "C:\ProgramData\Anaconda3\lib\site-packages\requests\adapters.py", line 439, in send
    resp = conn.urlopen(
  File "C:\ProgramData\Anaconda3\lib\site-packages\urllib3\connectionpool.py", line 699, in urlopen
    httplib_response = self._make_request(
  File "C:\ProgramData\Anaconda3\lib\site-packages\urllib3\connectionpool.py", line 440, in _make_request
    httplib_response = conn.getresponse()
  File "C:\ProgramData\Anaconda3\lib\http\client.py", line 1377, in getresponse
    response.begin()
  File "C:\ProgramData\Anaconda3\lib\http\client.py", line 320, in begin
    version, status, reason = self._read_status()
  File "C:\ProgramData\Anaconda3\lib\http\client.py", line 281, in _read_status
    line = str(self.fp.readline(_MAXLINE + 1), "iso-8859-1")
  File "C:\ProgramData\Anaconda3\lib\socket.py", line 704, in readinto
    return self._sock.recv_into(b)
  File "C:\ProgramData\Anaconda3\lib\ssl.py", line 1275, in recv_into
    return self.read(nbytes, buffer)
  File "C:\ProgramData\Anaconda3\lib\ssl.py", line 1133, in read
    return self._sslobj.read(len, buffer)

2024-09-07 23:31:42,168 INFO:Shard ID None has successfully RESUMED session ee444a563fe3838f9bc3d46c5448a5b7.
2024-09-08 01:09:27,283 INFO:Shard ID None has successfully RESUMED session ee444a563fe3838f9bc3d46c5448a5b7.
2024-09-08 08:26:14,964 WARNING:Shard ID None has stopped responding to the gateway. Closing and restarting.
2024-09-08 08:26:32,162 INFO:Shard ID None session has been invalidated.
2024-09-08 08:26:37,500 INFO:Shard ID None has connected to Gateway (Session ID: ab24a69f1d168db3665627bce7f16080).
2024-09-08 09:33:57,561 WARNING:Shard ID None has stopped responding to the gateway. Closing and restarting.
2024-09-08 09:34:05,838 INFO:Shard ID None session has been invalidated.
2024-09-08 09:34:18,750 INFO:Shard ID None has connected to Gateway (Session ID: 11f0f360461a0df2c06b2244579651db).
2024-09-08 12:12:58,027 WARNING:Shard ID None has stopped responding to the gateway. Closing and restarting.
2024-09-08 12:13:13,760 INFO:Shard ID None session has been invalidated.
2024-09-08 12:13:19,095 INFO:Shard ID None has connected to Gateway (Session ID: cd4057d9d537bf4c8ff721fd7a21af5d).
2024-09-08 12:35:28,351 INFO:Shard ID None has successfully RESUMED session cd4057d9d537bf4c8ff721fd7a21af5d.
2024-09-08 13:16:35,176 WARNING:Shard ID None has stopped responding to the gateway. Closing and restarting.
2024-09-08 13:16:43,051 INFO:Shard ID None has successfully RESUMED session cd4057d9d537bf4c8ff721fd7a21af5d.
2024-09-08 13:39:29,663 WARNING:Shard ID None has stopped responding to the gateway. Closing and restarting.
2024-09-08 13:39:47,222 INFO:Shard ID None session has been invalidated.
2024-09-08 13:39:52,683 INFO:Shard ID None has connected to Gateway (Session ID: aa6ce5ff436a15985d99a28b66303dd4).
2024-09-08 14:00:51,143 WARNING:Shard ID None has stopped responding to the gateway. Closing and restarting.
2024-09-08 14:01:01,201 INFO:Shard ID None session has been invalidated.
2024-09-08 14:01:15,439 INFO:Shard ID None has connected to Gateway (Session ID: f22ef4c797c1a2b96cb73cdd0b9bed84).
2024-09-08 14:41:57,714 INFO:Shard ID None has successfully RESUMED session f22ef4c797c1a2b96cb73cdd0b9bed84.
2024-09-08 15:52:00,086 WARNING:Shard ID None has stopped responding to the gateway. Closing and restarting.
2024-09-08 15:52:15,675 INFO:Shard ID None session has been invalidated.
2024-09-08 15:52:15,800 WARNING:We are being rate limited. PATCH https://discord.com/api/v10/guilds/697971426799517774/scheduled-events/1282446880801820765 responded with 429. Retrying in 1.80 seconds.
2024-09-08 15:52:21,008 INFO:Shard ID None has connected to Gateway (Session ID: 3ce1b30c09116eba797db1f39e38ef0c).
2024-09-08 18:08:17,736 WARNING:Shard ID None has stopped responding to the gateway. Closing and restarting.
2024-09-08 18:08:28,199 INFO:Shard ID None session has been invalidated.
2024-09-08 18:08:46,229 INFO:Shard ID None has connected to Gateway (Session ID: 744b05582194f6141f89a7c285e69a31).
2024-09-08 19:59:20,245 INFO:Shard ID None has successfully RESUMED session 744b05582194f6141f89a7c285e69a31.
2024-09-09 08:00:31,934 WARNING:Shard ID None has stopped responding to the gateway. Closing and restarting.
2024-09-09 08:00:58,104 INFO:Shard ID None session has been invalidated.
2024-09-09 08:00:58,227 WARNING:We are being rate limited. PATCH https://discord.com/api/v10/guilds/697971426799517774/scheduled-events/1282508002687057920 responded with 429. Retrying in 1.72 seconds.
2024-09-09 08:01:03,552 INFO:Shard ID None has connected to Gateway (Session ID: f072fc97bf022859eff020d0bcbb85b0).
2024-09-09 20:14:43,480 WARNING:Shard ID None has stopped responding to the gateway. Closing and restarting.
2024-09-09 20:55:13,729 WARNING:Privileged message content intent is missing, commands may not work as expected.
2024-09-09 20:55:13,729 INFO:logging in using static token
2024-09-09 20:55:14,413 INFO:Shard ID None has connected to Gateway (Session ID: 453d4efe043d7e2cb5e4a1bfb7cef004).
2024-09-09 21:35:53,023 ERROR:Attempting a reconnect in 1.53s
Traceback (most recent call last):
  File "C:\ProgramData\Anaconda3\lib\site-packages\discord\client.py", line 667, in connect
    await self.ws.poll_event()
  File "C:\ProgramData\Anaconda3\lib\site-packages\discord\gateway.py", line 648, in poll_event
    raise ConnectionClosed(self.socket, shard_id=self.shard_id, code=code) from None
discord.errors.ConnectionClosed: Shard ID None WebSocket closed with 1000
2024-09-09 21:35:54,786 INFO:Shard ID None has successfully RESUMED session 453d4efe043d7e2cb5e4a1bfb7cef004.
2024-09-09 21:51:19,334 INFO:Shard ID None has successfully RESUMED session 453d4efe043d7e2cb5e4a1bfb7cef004.
2024-09-09 22:37:25,304 INFO:Shard ID None has successfully RESUMED session 453d4efe043d7e2cb5e4a1bfb7cef004.
2024-09-09 23:03:48,774 WARNING:Shard ID None has stopped responding to the gateway. Closing and restarting.
2024-09-10 09:10:30,747 WARNING:Privileged message content intent is missing, commands may not work as expected.
2024-09-10 09:10:30,747 INFO:logging in using static token
2024-09-10 09:10:31,363 INFO:Shard ID None has connected to Gateway (Session ID: c876305accf2dd5e6a45b551f5fdcbf2).
2024-09-10 09:27:10,329 WARNING:Shard ID None has stopped responding to the gateway. Closing and restarting.
2024-09-10 09:27:23,393 INFO:Shard ID None session has been invalidated.
2024-09-10 09:27:28,732 INFO:Shard ID None has connected to Gateway (Session ID: 86b8f5f5c35d0c8ee5c19bb24a49df6b).
2024-09-10 21:27:33,490 WARNING:Shard ID None has stopped responding to the gateway. Closing and restarting.
2024-09-10 21:27:41,465 INFO:Shard ID None session has been invalidated.
2024-09-10 21:28:02,590 INFO:Shard ID None has connected to Gateway (Session ID: b124160d31de065018fe79a3eb8996e2).
2024-09-10 21:30:25,719 WARNING:We are being rate limited. PATCH https://discord.com/api/v10/guilds/697971426799517774/scheduled-events/1283283389159575603 responded with 429. Retrying in 0.30 seconds.
2024-09-11 04:29:46,996 WARNING:Shard ID None has stopped responding to the gateway. Closing and restarting.
2024-09-11 04:29:54,941 INFO:Shard ID None session has been invalidated.
2024-09-11 04:30:00,271 INFO:Shard ID None has connected to Gateway (Session ID: b8c1bdea09c2f748b360a895049b9067).
2024-09-11 04:30:35,613 WARNING:We are being rate limited. PATCH https://discord.com/api/v10/guilds/697971426799517774/scheduled-events/1283389161960767498 responded with 429. Retrying in 1.25 seconds.
2024-09-11 17:33:52,676 WARNING:Privileged message content intent is missing, commands may not work as expected.
2024-09-11 17:33:52,676 INFO:logging in using static token
2024-09-11 17:33:53,339 INFO:Shard ID None has connected to Gateway (Session ID: cf3576965411df877116ba621f9a7b79).
2024-09-11 17:55:14,504 WARNING:Privileged message content intent is missing, commands may not work as expected.
2024-09-11 17:55:14,505 INFO:logging in using static token
2024-09-11 17:55:15,083 INFO:Shard ID None has connected to Gateway (Session ID: effcf1f8db730ed4c0a243206ff70515).
2024-09-13 08:05:05,815 WARNING:Privileged message content intent is missing, commands may not work as expected.
2024-09-13 08:05:05,815 INFO:logging in using static token
2024-09-13 08:05:06,968 INFO:Shard ID None has connected to Gateway (Session ID: a9d636929ed7e5757f41e761cf909b80).
2024-09-13 08:06:21,851 WARNING:Privileged message content intent is missing, commands may not work as expected.
2024-09-13 08:06:21,851 INFO:logging in using static token
2024-09-13 08:06:22,609 INFO:Shard ID None has connected to Gateway (Session ID: b62aaea9087c38f3786553608c034263).
2024-09-13 08:32:42,954 WARNING:Privileged message content intent is missing, commands may not work as expected.
2024-09-13 08:32:42,955 INFO:logging in using static token
2024-09-13 08:32:43,843 INFO:Shard ID None has connected to Gateway (Session ID: 3d5d6ba4b3147c36aad6e2d1a7b41a43).
2024-09-13 08:34:07,383 WARNING:Privileged message content intent is missing, commands may not work as expected.
2024-09-13 08:34:07,383 INFO:logging in using static token
2024-09-13 08:34:08,093 INFO:Shard ID None has connected to Gateway (Session ID: 2a1180ab383faf68cb58a7a7d252fefd).
2024-09-13 08:34:10,108 INFO:Bot MAGLab Event Bot has connected to Discord.
2024-09-13 08:34:10,109 ERROR:Unhandled exception in internal background task 'post_lab_status'.
Traceback (most recent call last):
  File "C:\Users\Ben Cheng\Documents\GitHub\MAGLab_Events_Bot\scripts\report_maglab_open_status_on_discord_events.py", line 178, in post_lab_status
    await asyncio.wait_for(_post_lab_status_task(), timeout=MAX_RUNTIME_SECONDS)
NameError: name 'asyncio' is not defined

During handling of the above exception, another exception occurred:

Traceback (most recent call last):
  File "C:\ProgramData\Anaconda3\lib\site-packages\discord\ext\tasks\__init__.py", line 241, in _loop
    await self.coro(*args, **kwargs)
  File "C:\Users\Ben Cheng\Documents\GitHub\MAGLab_Events_Bot\scripts\report_maglab_open_status_on_discord_events.py", line 179, in post_lab_status
    except asyncio.TimeoutError:
NameError: name 'asyncio' is not defined
2024-09-13 08:39:23,633 WARNING:Privileged message content intent is missing, commands may not work as expected.
2024-09-13 08:39:23,633 INFO:logging in using static token
2024-09-13 08:39:24,378 INFO:Shard ID None has connected to Gateway (Session ID: 13daef5c8f1c1c0780265e3212a94763).
2024-09-13 08:39:26,394 INFO:Bot MAGLab Event Bot has connected to Discord.
2024-09-13 08:39:35,173 INFO:Updated event: We are CLOSED
2024-09-13 08:40:26,262 WARNING:Privileged message content intent is missing, commands may not work as expected.
2024-09-13 08:40:26,262 INFO:logging in using static token
2024-09-13 08:40:27,042 INFO:Shard ID None has connected to Gateway (Session ID: aad068a97b7c1a2aa0ad2ccd1432024a).
2024-09-13 08:40:29,062 INFO:Bot MAGLab Event Bot has connected to Discord.
2024-09-13 08:40:37,446 INFO:Updated event: We are CLOSED
2024-09-13 08:45:34,516 WARNING:Privileged message content intent is missing, commands may not work as expected.
2024-09-13 08:45:34,516 INFO:logging in using static token
2024-09-13 08:45:35,295 INFO:Shard ID None has connected to Gateway (Session ID: 3c0eda7ccb979df4c29e04d723a7f58b).
2024-09-13 08:45:37,320 INFO:Bot MAGLab Event Bot has connected to Discord.
2024-09-13 08:45:45,696 INFO:Updated event: We are CLOSED
2024-09-13 08:50:46,632 INFO:Updated event: We are CLOSED
2024-09-13 08:55:45,438 INFO:Updated event: We are CLOSED
2024-09-13 09:00:48,795 INFO:Updated event: We are CLOSED
2024-09-13 09:05:45,502 INFO:Updated event: We are CLOSED
2024-09-13 09:10:45,927 INFO:Updated event: We are CLOSED
2024-09-13 09:15:45,614 INFO:Updated event: We are CLOSED
2024-09-13 09:17:58,246 WARNING:Bot MAGLab Event Bot has disconnected, attempting to reconnect...
2024-09-13 09:17:58,492 INFO:Shard ID None has successfully RESUMED session 3c0eda7ccb979df4c29e04d723a7f58b.
2024-09-13 09:17:58,492 INFO:Bot MAGLab Event Bot has reconnected to Discord.
2024-09-13 09:20:45,539 INFO:Updated event: We are CLOSED
2024-09-13 09:25:45,421 INFO:Updated event: We are CLOSED
2024-09-13 09:30:45,820 INFO:Updated event: We are CLOSED
2024-09-13 09:35:45,561 INFO:Updated event: We are CLOSED
2024-09-13 09:40:45,140 INFO:Updated event: We are CLOSED
2024-09-13 09:45:46,009 INFO:Updated event: We are CLOSED
2024-09-13 09:50:45,982 INFO:Updated event: We are CLOSED
2024-09-13 09:55:45,736 INFO:Updated event: We are CLOSED
2024-09-13 10:00:48,435 INFO:Updated event: We are CLOSED
2024-09-13 10:05:45,898 INFO:Updated event: We are CLOSED
2024-09-13 10:10:46,201 INFO:Updated event: We are CLOSED
2024-09-13 10:15:46,227 INFO:Updated event: We are CLOSED
2024-09-13 10:20:45,919 INFO:Updated event: We are CLOSED
2024-09-13 10:25:45,690 INFO:Updated event: We are CLOSED
2024-09-13 10:30:46,419 INFO:Updated event: We are CLOSED
2024-09-13 10:35:44,987 INFO:Updated event: We are CLOSED
2024-09-13 10:40:47,886 INFO:Updated event: We are CLOSED
2024-09-13 10:45:45,128 INFO:Updated event: We are CLOSED
2024-09-13 10:50:45,211 INFO:Updated event: We are CLOSED
2024-09-13 10:55:45,638 INFO:Updated event: We are CLOSED
2024-09-13 11:00:48,755 INFO:Updated event: We are CLOSED
2024-09-13 11:05:45,849 INFO:Updated event: We are CLOSED
2024-09-13 11:10:45,907 INFO:Updated event: We are CLOSED
2024-09-13 11:15:45,500 INFO:Updated event: We are CLOSED
2024-09-13 11:20:45,453 INFO:Updated event: We are CLOSED
2024-09-13 11:25:45,287 INFO:Updated event: We are CLOSED
2024-09-13 11:30:45,458 INFO:Updated event: We are CLOSED
2024-09-13 11:35:45,734 INFO:Updated event: We are CLOSED
2024-09-13 11:40:45,517 INFO:Updated event: We are CLOSED
2024-09-13 11:45:45,860 INFO:Updated event: We are CLOSED
2024-09-13 11:47:30,853 WARNING:Bot MAGLab Event Bot has disconnected, attempting to reconnect...
2024-09-13 11:47:31,089 INFO:Shard ID None has successfully RESUMED session 3c0eda7ccb979df4c29e04d723a7f58b.
2024-09-13 11:47:31,089 INFO:Bot MAGLab Event Bot has reconnected to Discord.
2024-09-13 11:55:04,016 WARNING:Privileged message content intent is missing, commands may not work as expected.
2024-09-13 11:55:04,017 INFO:logging in using static token
2024-09-13 11:55:04,882 INFO:Shard ID None has connected to Gateway (Session ID: a4c1d4f3a9cf1cf15f05b1ad84e2538e).
2024-09-13 11:55:06,891 INFO:Bot MAGLab Event Bot has connected to Discord.
2024-09-13 11:55:15,370 INFO:Updated event: We are CLOSED
2024-09-13 12:00:21,973 INFO:Updated event: We are CLOSED
2024-09-13 12:05:16,046 INFO:Updated event: We are CLOSED
2024-09-13 12:05:43,615 WARNING:Privileged message content intent is missing, commands may not work as expected.
2024-09-13 12:05:43,615 INFO:logging in using static token
2024-09-13 12:05:44,367 INFO:Shard ID None has connected to Gateway (Session ID: 1e9f1652bf887727713e9b800052f0b7).
2024-09-13 12:05:46,380 INFO:Bot MAGLab Event Bot has connected to Discord.
2024-09-13 12:05:55,675 INFO:Updated event: We are CLOSED
2024-09-13 12:06:30,668 WARNING:Privileged message content intent is missing, commands may not work as expected.
2024-09-13 12:06:30,668 INFO:logging in using static token
2024-09-13 12:06:31,482 INFO:Shard ID None has connected to Gateway (Session ID: 7888fab05811efb48219dd994d5b659b).
2024-09-13 12:06:33,496 INFO:Bot MAGLab Event Bot has connected to Discord.
2024-09-13 12:23:17,167 WARNING:Privileged message content intent is missing, commands may not work as expected.
2024-09-13 12:23:17,168 INFO:logging in using static token
2024-09-13 12:23:17,797 INFO:Shard ID None has connected to Gateway (Session ID: 62001c76d03abe4434a9a32bb6b06c75).
2024-09-13 12:23:19,808 INFO:Bot MAGLab Event Bot has connected to Discord.
2024-09-13 12:23:28,687 INFO:Created new event: We are CLOSED
2024-09-13 12:28:27,736 INFO:Updated event: We are CLOSED
2024-09-13 12:33:27,852 INFO:Updated event: We are CLOSED
2024-09-13 12:38:28,804 INFO:Updated event: We are CLOSED
2024-09-13 12:43:28,612 INFO:Updated event: We are CLOSED
2024-09-13 12:46:54,403 WARNING:Privileged message content intent is missing, commands may not work as expected.
2024-09-13 12:46:54,403 INFO:logging in using static token
2024-09-13 12:46:55,109 INFO:Shard ID None has connected to Gateway (Session ID: 47b13ed5b5be7000ee1a6c276bfa869b).
2024-09-13 12:46:57,118 INFO:Bot MAGLab Event Bot has connected to Discord.
2024-09-13 12:53:56,745 WARNING:Privileged message content intent is missing, commands may not work as expected.
2024-09-13 12:53:56,746 INFO:logging in using static token
2024-09-13 12:53:57,764 INFO:Shard ID None has connected to Gateway (Session ID: f8fc9844e2c3758eb78c23abc1cada49).
2024-09-13 12:53:59,770 INFO:Bot MAGLab Event Bot has connected to Discord.
2024-09-13 12:54:06,180 WARNING:Privileged message content intent is missing, commands may not work as expected.
2024-09-13 12:54:06,180 INFO:logging in using static token
2024-09-13 12:54:06,943 INFO:Shard ID None has connected to Gateway (Session ID: afd174ea27e8fab4bad17bcd20ec5431).
2024-09-13 12:54:08,968 INFO:Bot MAGLab Event Bot has connected to Discord.
2024-09-13 12:54:13,517 WARNING:Privileged message content intent is missing, commands may not work as expected.
2024-09-13 12:54:13,517 INFO:logging in using static token
2024-09-13 12:54:14,361 INFO:Shard ID None has connected to Gateway (Session ID: ad93de675d9d4d1b258cc2a20f03c3fb).
2024-09-13 12:54:16,364 INFO:Bot MAGLab Event Bot has connected to Discord.
2024-09-13 12:54:24,496 INFO:Created new event: We are CLOSED
2024-09-13 12:59:25,146 INFO:Updated event: We are CLOSED
2024-09-13 13:04:25,198 INFO:Updated event: We are CLOSED
2024-09-13 13:04:58,071 WARNING:Privileged message content intent is missing, commands may not work as expected.
2024-09-13 13:04:58,071 INFO:logging in using static token
2024-09-13 13:04:58,736 INFO:Shard ID None has connected to Gateway (Session ID: 67d53adeff05b66638a2ea9db22d65b8).
2024-09-13 13:05:00,743 INFO:Bot MAGLab Event Bot has connected to Discord.
2024-09-13 13:05:08,592 INFO:Updated event: We are CLOSED
2024-09-13 13:10:09,278 INFO:Updated event: We are CLOSED
2024-09-13 13:13:00,106 WARNING:Privileged message content intent is missing, commands may not work as expected.
2024-09-13 13:13:00,106 INFO:logging in using static token
2024-09-13 13:13:00,821 INFO:Shard ID None has connected to Gateway (Session ID: 7f4ca34ef394d5ec20e3234dd21719e5).
2024-09-13 13:13:02,825 INFO:Bot MAGLab Event Bot has connected to Discord.
2024-09-13 13:13:10,809 INFO:Updated event: We are CLOSED
2024-09-13 13:18:10,739 INFO:Updated event: We are CLOSED
2024-09-13 13:18:22,856 WARNING:Privileged message content intent is missing, commands may not work as expected.
2024-09-13 13:18:22,856 INFO:logging in using static token
2024-09-13 13:18:23,572 INFO:Shard ID None has connected to Gateway (Session ID: ba3c1970f7d99ced165131502e4c5ef9).
2024-09-13 13:18:25,579 INFO:Bot MAGLab Event Bot has connected to Discord.
2024-09-13 13:18:33,280 INFO:Updated event: We are CLOSED
2024-09-13 13:21:34,782 WARNING:Privileged message content intent is missing, commands may not work as expected.
2024-09-13 13:21:34,783 INFO:logging in using static token
2024-09-13 13:21:35,418 INFO:Shard ID None has connected to Gateway (Session ID: 1b444301d19fdb1c80d3149ee8c9e07c).
2024-09-13 13:21:37,433 INFO:Bot MAGLab Event Bot has connected to Discord.
2024-09-13 13:21:46,651 INFO:Updated event: We are CLOSED
2024-09-13 13:22:57,136 WARNING:Privileged message content intent is missing, commands may not work as expected.
2024-09-13 13:22:57,137 INFO:logging in using static token
2024-09-13 13:22:57,817 INFO:Shard ID None has connected to Gateway (Session ID: 6f9bed542342149ac8f41b01e5c28c33).
2024-09-13 13:22:59,824 INFO:Bot MAGLab Event Bot has connected to Discord.
2024-09-13 13:23:08,008 INFO:Updated event: We are CLOSED
2024-09-13 13:29:19,562 WARNING:Privileged message content intent is missing, commands may not work as expected.
2024-09-13 13:29:19,562 INFO:logging in using static token
2024-09-13 13:29:20,261 INFO:Shard ID None has connected to Gateway (Session ID: 24530f8bd29dbdddc12271222bcc7ed3).
2024-09-13 13:29:22,270 INFO:Bot MAGLab Event Bot has connected to Discord.
2024-09-13 13:29:32,111 INFO:Updated event: We are CLOSED
2024-09-13 13:32:18,052 WARNING:Privileged message content intent is missing, commands may not work as expected.
2024-09-13 13:32:18,052 INFO:logging in using static token
2024-09-13 13:32:18,806 INFO:Shard ID None has connected to Gateway (Session ID: 489d53e2b67d79bc4074853196905378).
2024-09-13 13:32:20,823 INFO:Bot MAGLab Event Bot has connected to Discord.
2024-09-13 13:32:28,788 INFO:Updated event: We are CLOSED
2024-09-13 13:33:39,877 WARNING:Privileged message content intent is missing, commands may not work as expected.
2024-09-13 13:33:39,877 INFO:logging in using static token
2024-09-13 13:33:40,578 INFO:Shard ID None has connected to Gateway (Session ID: 101523018fed60066e10b248b4d25af2).
2024-09-13 13:33:42,585 INFO:Bot MAGLab Event Bot has connected to Discord.
2024-09-13 13:33:50,273 INFO:Updated event: We are CLOSED
2024-09-13 13:38:51,111 INFO:Updated event: We are CLOSED
2024-09-13 13:49:25,794 WARNING:Privileged message content intent is missing, commands may not work as expected.
2024-09-13 13:49:25,794 INFO:logging in using static token
2024-09-13 13:49:26,543 INFO:Shard ID None has connected to Gateway (Session ID: b0c1cef3140bdc8e9660e0150e0e4609).
2024-09-13 13:49:53,262 WARNING:Privileged message content intent is missing, commands may not work as expected.
2024-09-13 13:49:53,262 INFO:logging in using static token
2024-09-13 13:49:53,961 INFO:Shard ID None has connected to Gateway (Session ID: a20c8eb90563fa96738ebe3e036f35c2).
2024-09-13 13:49:55,966 INFO:Bot MAGLab Event Bot has connected to Discord.
2024-09-13 13:50:04,286 INFO:Created new event: We are CLOSED
2024-09-13 13:50:11,715 WARNING:Privileged message content intent is missing, commands may not work as expected.
2024-09-13 13:50:11,715 INFO:logging in using static token
2024-09-13 13:50:12,343 INFO:Shard ID None has connected to Gateway (Session ID: d0a2b1f334dfd5c5a1e7a47bd00ac40b).
2024-09-13 13:50:14,346 INFO:Bot MAGLab Event Bot has connected to Discord.
2024-09-13 13:50:22,942 INFO:Updated event: We are CLOSED
2024-09-13 13:50:30,897 WARNING:Privileged message content intent is missing, commands may not work as expected.
2024-09-13 13:50:30,898 INFO:logging in using static token
2024-09-13 13:50:31,744 INFO:Shard ID None has connected to Gateway (Session ID: f82a67f5503f663c3f1fea3d17cd961f).
2024-09-13 13:50:33,749 INFO:Bot MAGLab Event Bot has connected to Discord.
2024-09-13 13:53:49,215 WARNING:Privileged message content intent is missing, commands may not work as expected.
2024-09-13 13:53:49,216 INFO:logging in using static token
2024-09-13 13:53:49,858 INFO:Shard ID None has connected to Gateway (Session ID: 7d70b842c2cc5495edc42417a8013a42).
2024-09-13 13:53:51,861 INFO:Bot MAGLab Event Bot has connected to Discord.
2024-09-13 13:54:00,063 INFO:Updated event: We are CLOSED
2024-09-13 14:06:38,829 WARNING:Privileged message content intent is missing, commands may not work as expected.
2024-09-13 14:06:38,829 INFO:logging in using static token
2024-09-13 14:06:39,642 INFO:Shard ID None has connected to Gateway (Session ID: 848141236bb1efb918c833831b985919).
2024-09-13 14:06:41,650 INFO:Bot MAGLab Event Bot has connected to Discord.
2024-09-13 14:06:49,840 INFO:Created new event: We are CLOSED
2024-09-13 14:09:02,135 WARNING:Privileged message content intent is missing, commands may not work as expected.
2024-09-13 14:09:02,135 INFO:logging in using static token
2024-09-13 14:09:02,828 INFO:Shard ID None has connected to Gateway (Session ID: 8920651c9fb612a7062fae4ef549714a).
2024-09-13 14:09:04,839 INFO:Bot MAGLab Event Bot has connected to Discord.
2024-09-13 14:09:13,310 INFO:Updated event: We are CLOSED
2024-09-13 14:14:12,919 INFO:Updated event: We are CLOSED
2024-09-13 14:18:25,351 WARNING:Privileged message content intent is missing, commands may not work as expected.
2024-09-13 14:18:25,351 INFO:logging in using static token
2024-09-13 14:18:26,033 INFO:Shard ID None has connected to Gateway (Session ID: d73b2297caa6d600db50848e9834676a).
2024-09-13 14:18:28,038 INFO:Bot MAGLab Event Bot has connected to Discord.
2024-09-13 14:18:35,886 INFO:Updated event: We are CLOSED
2024-09-13 14:19:40,055 WARNING:Privileged message content intent is missing, commands may not work as expected.
2024-09-13 14:19:40,055 INFO:logging in using static token
2024-09-13 14:19:40,775 INFO:Shard ID None has connected to Gateway (Session ID: 75fae3033125fad1534b409a9f1747d9).
2024-09-13 14:19:42,793 INFO:Bot MAGLab Event Bot has connected to Discord.
2024-09-13 14:19:50,579 INFO:Updated event: We are CLOSED
2024-09-13 14:24:50,848 INFO:Updated event: We are CLOSED
2024-09-13 14:29:50,922 INFO:Updated event: We are CLOSED
2024-09-13 14:34:50,994 INFO:Updated event: We are CLOSED
2024-09-13 16:17:21,067 WARNING:Privileged message content intent is missing, commands may not work as expected.
2024-09-13 16:17:21,067 INFO:logging in using static token
2024-09-13 16:17:21,827 INFO:Shard ID None has connected to Gateway (Session ID: 86bbdf1dd25fe0b5c3ba0f9d4c2955b7).
2024-09-13 16:17:23,835 INFO:Bot MAGLab Event Bot has connected to Discord.
2024-09-13 16:17:32,063 INFO:Created new event: We are CLOSED
